<?xml version="1.0" encoding="UTF-8"?>
<!-- Generated by org.testng.reporters.JUnitReportReporter -->
<testsuite hostname="DESKTOP-8HJTA0V" failures="0" tests="4" name="activities.Activity2" time="0.867" errors="0" timestamp="2021-06-05T20:33:36 IST" skipped="2">
  <testcase classname="activities.Activity2" name="testCase1" time="0.224"/>
  <testcase classname="activities.Activity2" name="testCase2" time="0.641"/>
  <testcase classname="activities.Activity2" name="testCase4" time="0.002">
    <skipped/>
  </testcase> <!-- testCase4 -->
  <testcase classname="activities.Activity2" name="testCase3">
    <skipped/>
  </testcase> <!-- testCase3 -->
</testsuite> <!-- activities.Activity2 -->
