<?xml version="1.0" encoding="UTF-8"?>
<!-- Generated by org.testng.reporters.JUnitReportReporter -->
<testsuite hostname="DESKTOP-8HJTA0V" failures="0" tests="1" name="activities.Activity1" time="33.172" errors="0" timestamp="2021-06-05T20:33:36 IST" skipped="0">
  <testcase classname="activities.Activity1" name="exampleTestCase" time="33.172"/>
</testsuite> <!-- activities.Activity1 -->
