<?xml version="1.0" encoding="UTF-8"?>
<!-- Generated by org.testng.reporters.JUnitReportReporter -->
<testsuite hostname="DESKTOP-8HJTA0V" failures="0" tests="5" name="activities.Activity5" time="0.236" errors="0" timestamp="2021-06-05T20:33:36 IST" skipped="0">
  <testcase classname="activities.Activity5" name="HeaderTest1" time="0.042"/>
  <testcase classname="activities.Activity5" name="HeaderTest2" time="0.045"/>
  <testcase classname="activities.Activity5" name="ButtonTest2" time="0.036"/>
  <testcase classname="activities.Activity5" name="ButtonTest1" time="0.090"/>
  <testcase classname="activities.Activity5" name="pageTitleTest" time="0.023"/>
</testsuite> <!-- activities.Activity5 -->
