<?xml version="1.0" encoding="UTF-8"?>
<!-- Generated by org.testng.reporters.JUnitReportReporter -->
<testsuite hostname="DESKTOP-8HJTA0V" failures="0" tests="5" name="activities.Activity10" time="1.983" errors="0" timestamp="2021-06-05T20:33:36 IST" skipped="0">
  <testcase classname="activities.Activity10" name="sliderTo80Test" time="0.397"/>
  <testcase classname="activities.Activity10" name="sliderTo30Test" time="0.503"/>
  <testcase classname="activities.Activity10" name="sliderToMaxTest" time="0.413"/>
  <testcase classname="activities.Activity10" name="sliderToMinTest" time="0.390"/>
  <testcase classname="activities.Activity10" name="sliderToMiddleTest" time="0.280"/>
</testsuite> <!-- activities.Activity10 -->
