<?xml version="1.0" encoding="UTF-8"?>
<!-- Generated by org.testng.reporters.JUnitReportReporter -->
<testsuite hostname="DESKTOP-8HJTA0V" failures="0" tests="2" name="suiteExample.DemoOne" time="0.034" errors="0" timestamp="2021-06-05T20:33:36 IST" skipped="0">
  <testcase classname="suiteExample.DemoOne" name="secondTestCase" time="0.002"/>
  <testcase classname="suiteExample.DemoOne" name="firstTestCase" time="0.032"/>
</testsuite> <!-- suiteExample.DemoOne -->
