<?xml version="1.0" encoding="UTF-8"?>
<!-- Generated by org.testng.reporters.JUnitReportReporter -->
<testsuite hostname="DESKTOP-8HJTA0V" failures="0" tests="3" name="activities.Activity9" time="0.710" errors="0" timestamp="2021-06-05T20:33:36 IST" skipped="0">
  <testcase classname="activities.Activity9" name="simpleAlertTestCase" time="0.395"/>
  <testcase classname="activities.Activity9" name="confirmAlertTestCase" time="0.099"/>
  <testcase classname="activities.Activity9" name="promptAlertTestCase" time="0.216"/>
</testsuite> <!-- activities.Activity9 -->
