<?xml version="1.0" encoding="UTF-8"?>
<!-- Generated by org.testng.reporters.JUnitReportReporter -->
<testsuite hostname="DESKTOP-8HJTA0V" failures="0" tests="1" name="activities.Activity1" time="20.402" errors="0" timestamp="2021-06-03T10:47:53 IST" skipped="0">
  <testcase classname="activities.Activity1" name="calc" time="20.402"/>
  <system-out/>
</testsuite> <!-- activities.Activity1 -->
