<?xml version="1.0" encoding="UTF-8"?>
<!-- Generated by org.testng.reporters.JUnitReportReporter -->
<testsuite hostname="DESKTOP-8HJTA0V" failures="0" tests="1" name="project.GoogleTasks" time="46.350" errors="0" timestamp="2021-06-06T20:12:21 IST" skipped="0">
  <testcase classname="project.GoogleTasks" name="googleTaskActivity" time="46.350"/>
  <system-out/>
</testsuite> <!-- project.GoogleTasks -->
