<?xml version="1.0" encoding="UTF-8"?>
<!-- Generated by org.testng.reporters.JUnitReportReporter -->
<testsuite skipped="0" hostname="DESKTOP-8HJTA0V" name="activities.Activity3" tests="5" failures="0" timestamp="2021-05-27T11:29:40 IST" time="54.777" errors="0">
  <testcase name="addPets" time="26.383" classname="activities.Activity3"/>
  <system-out/>
  <testcase name="getPets" time="9.284" classname="activities.Activity3"/>
  <system-out/>
  <testcase name="getPets" time="8.055" classname="activities.Activity3"/>
  <system-out/>
  <testcase name="deletePets" time="3.003" classname="activities.Activity3"/>
  <system-out/>
  <testcase name="deletePets" time="8.052" classname="activities.Activity3"/>
  <system-out/>
</testsuite> <!-- activities.Activity3 -->
