<?xml version="1.0" encoding="UTF-8"?>
<!-- Generated by org.testng.reporters.JUnitReportReporter -->
<testsuite skipped="0" hostname="DESKTOP-8HJTA0V" name="activities.Activity2" tests="3" failures="0" timestamp="2021-05-21T11:35:31 IST" time="10.815" errors="0">
  <testcase name="addNewUserFromFile" time="7.451" classname="activities.Activity2"/>
  <system-out/>
  <testcase name="getUserInfo" time="1.800" classname="activities.Activity2"/>
  <system-out/>
  <testcase name="deleteUser" time="1.564" classname="activities.Activity2"/>
  <system-out/>
</testsuite> <!-- activities.Activity2 -->
