<?xml version="1.0" encoding="UTF-8"?>
<!-- Generated by org.testng.reporters.JUnitReportReporter -->
<testsuite skipped="0" hostname="DESKTOP-8HJTA0V" name="com.ibm.fst.rest_assured.Activity1" tests="3" failures="0" timestamp="2021-05-21T10:48:55 IST" time="13.333" errors="0">
  <testcase name="addNewPet" time="10.343" classname="com.ibm.fst.rest_assured.Activity1"/>
  <system-out/>
  <testcase name="getPetInfo" time="1.558" classname="com.ibm.fst.rest_assured.Activity1"/>
  <system-out/>
  <testcase name="deletePet" time="1.432" classname="com.ibm.fst.rest_assured.Activity1"/>
  <system-out/>
</testsuite> <!-- com.ibm.fst.rest_assured.Activity1 -->
