<?xml version="1.0" encoding="UTF-8"?>
<!-- Generated by org.testng.reporters.JUnitReportReporter -->
<testsuite skipped="0" hostname="DESKTOP-8HJTA0V" name="lmsActivities.Activity4" tests="1" failures="0" timestamp="2021-05-18T14:11:45 IST" time="10.979" errors="0">
  <testcase name="find2ndCourseTitle" time="10.979" classname="lmsActivities.Activity4"/>
</testsuite> <!-- lmsActivities.Activity4 -->
