<?xml version="1.0" encoding="UTF-8"?>
<!-- Generated by org.testng.reporters.JUnitReportReporter -->
<testsuite skipped="0" hostname="DESKTOP-8HJTA0V" name="lmsActivities.Activity8" tests="1" failures="0" timestamp="2021-05-19T09:29:00 IST" time="26.119" errors="0">
  <testcase name="find2ndCourseTitle" time="26.119" classname="lmsActivities.Activity8"/>
</testsuite> <!-- lmsActivities.Activity8 -->
