<?xml version="1.0" encoding="UTF-8"?>
<!-- Generated by org.testng.reporters.JUnitReportReporter -->
<testsuite skipped="0" hostname="DESKTOP-8HJTA0V" name="lmsActivities.Activity2" tests="1" failures="0" timestamp="2021-05-18T13:58:28 IST" time="16.391" errors="0">
  <testcase name="findHeading" time="16.391" classname="lmsActivities.Activity2"/>
</testsuite> <!-- lmsActivities.Activity2 -->
