<?xml version="1.0" encoding="UTF-8"?>
<!-- Generated by org.testng.reporters.JUnitReportReporter -->
<testsuite skipped="0" hostname="DESKTOP-8HJTA0V" name="lmsActivities.Activity9" tests="1" failures="0" timestamp="2021-05-19T11:01:24 IST" time="16.823" errors="0">
  <testcase name="complete1stCourse" time="16.823" classname="lmsActivities.Activity9"/>
</testsuite> <!-- lmsActivities.Activity9 -->
