<?xml version="1.0" encoding="UTF-8"?>
<!-- Generated by org.testng.reporters.JUnitReportReporter -->
<testsuite skipped="0" hostname="DESKTOP-8HJTA0V" name="lmsActivities.Activity1" tests="1" failures="0" timestamp="2021-05-19T10:46:39 IST" time="12.472" errors="0">
  <testcase name="findTitle" time="12.472" classname="lmsActivities.Activity1"/>
</testsuite> <!-- lmsActivities.Activity1 -->
