<?xml version="1.0" encoding="UTF-8"?>
<!-- Generated by org.testng.reporters.JUnitReportReporter -->
<testsuite skipped="0" hostname="DESKTOP-8HJTA0V" name="lmsActivities.Activity5" tests="1" failures="0" timestamp="2021-05-18T14:21:56 IST" time="12.900" errors="0">
  <testcase name="accessMyAccount" time="12.900" classname="lmsActivities.Activity5"/>
</testsuite> <!-- lmsActivities.Activity5 -->
