<?xml version="1.0" encoding="UTF-8"?>
<!-- Generated by org.testng.reporters.JUnitReportReporter -->
<testsuite skipped="0" hostname="DESKTOP-8HJTA0V" name="lmsActivities.Activity6" tests="1" failures="0" timestamp="2021-05-18T17:19:48 IST" time="18.994" errors="0">
  <testcase name="accountLogin" time="18.994" classname="lmsActivities.Activity6"/>
</testsuite> <!-- lmsActivities.Activity6 -->
