<?xml version="1.0" encoding="UTF-8"?>
<!-- Generated by org.testng.reporters.JUnitReportReporter -->
<testsuite skipped="0" hostname="DESKTOP-8HJTA0V" name="lmsActivities.Activity3" tests="1" failures="0" timestamp="2021-05-18T14:04:57 IST" time="13.689" errors="0">
  <testcase name="findFirstInfoBoxTitle" time="13.689" classname="lmsActivities.Activity3"/>
</testsuite> <!-- lmsActivities.Activity3 -->
