<?xml version="1.0" encoding="UTF-8"?>
<!-- Generated by org.testng.reporters.JUnitReportReporter -->
<testsuite skipped="0" hostname="DESKTOP-8HJTA0V" name="lmsActivities.Activity7" tests="1" failures="0" timestamp="2021-05-18T17:45:05 IST" time="9.362" errors="0">
  <testcase name="findAllCourses" time="9.362" classname="lmsActivities.Activity7"/>
</testsuite> <!-- lmsActivities.Activity7 -->
